#
# A fatal error has been detected by the Java Runtime Environment:
#
#  Internal Error (classFileParser.cpp:3494), pid=8500, tid=9788
#  Error: ShouldNotReachHere()
#
# JRE version: 6.0_32-b05
# Java VM: Java HotSpot(TM) 64-Bit Server VM (20.7-b02 mixed mode windows-amd64 compressed oops)
# If you would like to submit a bug report, please visit:
#   http://java.sun.com/webapps/bugreport/crash.jsp
#

---------------  T H R E A D  ---------------

Current thread (0x000000000060d000):  JavaThread "Unknown thread" [_thread_in_vm, id=9788, stack(0x00000000022e0000,0x00000000023e0000)]

Stack: [0x00000000022e0000,0x00000000023e0000]
[error occurred during error reporting (printing stack bounds), id 0xc0000005]


---------------  P R O C E S S  ---------------

Java Threads: ( => current thread )

Other Threads:

=>0x000000000060d000 (exited) JavaThread "Unknown thread" [_thread_in_vm, id=9788, stack(0x00000000022e0000,0x00000000023e0000)]

VM state:not at safepoint (not fully initialized)

VM Mutex/Monitor currently owned by a thread: None

Dynamic libraries:
0x0000000000400000 - 0x000000000042f000 	C:\Program Files\Java\jre6\bin\javaw.exe
0x0000000077670000 - 0x0000000077819000 	C:\windows\SYSTEM32\ntdll.dll
0x00000000771f0000 - 0x000000007730f000 	C:\windows\system32\kernel32.dll
0x000007fefdb80000 - 0x000007fefdbec000 	C:\windows\system32\KERNELBASE.dll
0x000007fefe790000 - 0x000007fefe86b000 	C:\windows\system32\ADVAPI32.dll
0x000007fefe870000 - 0x000007fefe90f000 	C:\windows\system32\msvcrt.dll
0x000007feff960000 - 0x000007feff97f000 	C:\windows\SYSTEM32\sechost.dll
0x000007fefe550000 - 0x000007fefe67d000 	C:\windows\system32\RPCRT4.dll
0x0000000076f90000 - 0x000000007708a000 	C:\windows\system32\USER32.dll
0x000007fefe200000 - 0x000007fefe267000 	C:\windows\system32\GDI32.dll
0x000007feff950000 - 0x000007feff95e000 	C:\windows\system32\LPK.dll
0x000007fefdf20000 - 0x000007fefdfe9000 	C:\windows\system32\USP10.dll
0x000007fefe1d0000 - 0x000007fefe1fe000 	C:\windows\system32\IMM32.DLL
0x000007fefe680000 - 0x000007fefe789000 	C:\windows\system32\MSCTF.dll
0x000000006d800000 - 0x000000006dfb8000 	C:\Program Files\Java\jre6\bin\server\jvm.dll
0x000007fefb750000 - 0x000007fefb78b000 	C:\windows\system32\WINMM.dll
0x000000006d770000 - 0x000000006d77e000 	C:\Program Files\Java\jre6\bin\verify.dll
0x000000006d3b0000 - 0x000000006d3d7000 	C:\Program Files\Java\jre6\bin\java.dll
0x000000006d420000 - 0x000000006d454000 	C:\Program Files\Java\jre6\bin\jdwp.dll
0x000000006d640000 - 0x000000006d648000 	C:\Program Files\Java\jre6\bin\npt.dll
0x000000006d7c0000 - 0x000000006d7d2000 	C:\Program Files\Java\jre6\bin\zip.dll
0x0000000077840000 - 0x0000000077847000 	C:\windows\system32\PSAPI.DLL

VM Arguments:
jvm_args: -agentlib:jdwp=transport=dt_socket,suspend=y,address=localhost:3717 -ea -Dfile.encoding=Cp1252 -Xbootclasspath:C:\Android\android-sdk\platforms\android-14\android.jar;C:\Android\android-sdk\add-ons\addon-google_apis-google-14\libs\usb.jar;C:\Android\android-sdk\add-ons\addon-google_apis-google-14\libs\maps.jar 
java_command: org.eclipse.jdt.internal.junit.runner.RemoteTestRunner -version 3 -port 3716 -testLoaderClass org.eclipse.jdt.internal.junit.runner.junit3.JUnit3TestLoader -loaderpluginname org.eclipse.jdt.junit.runtime -classNames me.pdthx.helpers.PhoneNumberFormatterTest
Launcher Type: SUN_STANDARD

Environment Variables:
CLASSPATH=.;C:\Program Files (x86)\Java\jre7\lib\ext\QTJava.zip
PATH=C:\Program Files (x86)\NVIDIA Corporation\PhysX\Common;C:\Program Files\Common Files\Microsoft Shared\Windows Live;C:\Program Files (x86)\Common Files\Microsoft Shared\Windows Live;C:\windows\system32;C:\windows;C:\windows\System32\Wbem;C:\windows\System32\WindowsPowerShell\v1.0\;C:\Program Files (x86)\Common Files\Roxio Shared\10.0\DLLShared\;C:\Program Files (x86)\Common Files\Roxio Shared\DLLShared\;c:\Program Files\Softex\OmniPass\;C:\Program Files\Fujitsu\FJFP\;C:\Program Files (x86)\Microsoft SQL Server\100\Tools\Binn\;C:\Program Files\Microsoft SQL Server\100\Tools\Binn\;C:\Program Files\Microsoft SQL Server\100\DTS\Binn\;C:\Program Files (x86)\Microsoft SQL Server\100\DTS\Binn\;C:\Program Files (x86)\Windows Live\Shared;C:\Program Files (x86)\QuickTime\QTSystem\;C:\Program Files (x86)\Microsoft SQL Server\100\Tools\Binn\VSShell\Common7\IDE\;C:\Program Files (x86)\Microsoft SQL Server\110\Tools\Binn\;C:\Program Files\Microsoft SQL Server\110\Tools\Binn\;C:\Program Files\Microsoft SQL Server\110\DTS\Binn\;C:\Program Files (x86)\Microsoft SQL Server\110\Tools\Binn\ManagementStudio\;C:\Program Files (x86)\Microsoft SQL Server\110\DTS\Binn\;C:\Program Files\Perforce;C:\Program Files\TortoiseSVN\bin;C:\Android\android-sdk\platform-tools
USERNAME=Edward
OS=Windows_NT
PROCESSOR_IDENTIFIER=Intel64 Family 6 Model 37 Stepping 2, GenuineIntel



---------------  S Y S T E M  ---------------

OS: Windows 7 , 64 bit Build 7601 Service Pack 1

CPU:total 4 (2 cores per cpu, 2 threads per core) family 6 model 37 stepping 2, cmov, cx8, fxsr, mmx, sse, sse2, sse3, ssse3, sse4.1, sse4.2, popcnt, ht

Memory: 4k page, physical 8179124k(2705196k free), swap 16356396k(7298844k free)

vm_info: Java HotSpot(TM) 64-Bit Server VM (20.7-b02) for windows-amd64 JRE (1.6.0_32-b05), built on Apr  5 2012 13:39:03 by "java_re" with MS VC++ 8.0 (VS2005)

time: Tue Jun 19 14:38:14 2012
elapsed time: 0 seconds

